<?xml version="1.0" encoding="UTF-8"?>
<testsuite name="com.banking.testcases.NewCustomerPageTest" tests="1" skipped="0" failures="0" errors="0" timestamp="2020-05-24T14:03:20" hostname="sonalibnkarsMBP" time="1.494">
  <properties/>
  <testcase name="addAllFieldOfNewCustomerTest" classname="com.banking.testcases.NewCustomerPageTest" time="1.494"/>
  <system-out><![CDATA[05-24-2020 19:33:17 NewCustomerPageTest.java INFO  [Test worker] base.BaseClass 28 - Click on banking project link
05-24-2020 19:33:19 NewCustomerPageTest.java INFO  [Test worker] base.BaseClass 30 - Enter email and password
05-24-2020 19:33:20 NewCustomerPageTest.java INFO  [Test worker] base.BaseClass 33 - Click on new customer link
05-24-2020 19:33:22 NewCustomerPageTest.java INFO  [Test worker] base.BaseClass 55 - enter all the data of new customer and click on submit link
]]></system-out>
  <system-err><![CDATA[Starting ChromeDriver 80.0.3987.106 (f68069574609230cf9b635cd784cfb1bf81bb53a-refs/branch-heads/3987@{#882}) on port 19827
Only local connections are allowed.
Please protect ports used by ChromeDriver and related test frameworks to prevent access by malicious code.
[1590328989.219][WARNING]: This version of ChromeDriver has not been tested with Chrome version 81.
May 24, 2020 7:33:09 PM org.openqa.selenium.remote.ProtocolHandshake createSession
INFO: Detected dialect: W3C
[1590328990.479][SEVERE]: Timed out receiving message from renderer: 0.100
[1590328990.581][SEVERE]: Timed out receiving message from renderer: 0.100
[1590328990.683][SEVERE]: Timed out receiving message from renderer: 0.100
[1590328990.857][SEVERE]: Timed out receiving message from renderer: 0.100
[1590328990.960][SEVERE]: Timed out receiving message from renderer: 0.100
[1590328991.062][SEVERE]: Timed out receiving message from renderer: 0.100
[1590328991.164][SEVERE]: Timed out receiving message from renderer: 0.100
[1590328991.266][SEVERE]: Timed out receiving message from renderer: 0.100
[1590328991.368][SEVERE]: Timed out receiving message from renderer: 0.100
[1590328991.470][SEVERE]: Timed out receiving message from renderer: 0.100
[1590328991.674][SEVERE]: Timed out receiving message from renderer: 0.100
[1590328991.776][SEVERE]: Timed out receiving message from renderer: 0.100
[1590328991.879][SEVERE]: Timed out receiving message from renderer: 0.100
[1590328992.136][SEVERE]: Timed out receiving message from renderer: 0.100
[1590328992.238][SEVERE]: Timed out receiving message from renderer: 0.100
[1590328992.341][SEVERE]: Timed out receiving message from renderer: 0.100
[1590328992.495][SEVERE]: Timed out receiving message from renderer: 0.100
[1590328992.596][SEVERE]: Timed out receiving message from renderer: 0.100
[1590328992.698][SEVERE]: Timed out receiving message from renderer: 0.100
[1590328992.800][SEVERE]: Timed out receiving message from renderer: 0.100
[1590328992.902][SEVERE]: Timed out receiving message from renderer: 0.100
[1590328993.004][SEVERE]: Timed out receiving message from renderer: 0.100
[1590328993.107][SEVERE]: Timed out receiving message from renderer: 0.100
[1590328993.209][SEVERE]: Timed out receiving message from renderer: 0.100
[1590328993.409][SEVERE]: Timed out receiving message from renderer: 0.100
[1590328993.512][SEVERE]: Timed out receiving message from renderer: 0.100
[1590328993.613][SEVERE]: Timed out receiving message from renderer: 0.100
[1590328993.714][SEVERE]: Timed out receiving message from renderer: 0.100
[1590328993.815][SEVERE]: Timed out receiving message from renderer: 0.100
[1590328993.917][SEVERE]: Timed out receiving message from renderer: 0.100
[1590328994.019][SEVERE]: Timed out receiving message from renderer: 0.100
[1590328994.121][SEVERE]: Timed out receiving message from renderer: 0.100
[1590328994.222][SEVERE]: Timed out receiving message from renderer: 0.100
[1590328995.331][SEVERE]: Timed out receiving message from renderer: 0.100
[1590328995.433][SEVERE]: Timed out receiving message from renderer: 0.100
[1590328995.535][SEVERE]: Timed out receiving message from renderer: 0.100
[1590328995.699][SEVERE]: Timed out receiving message from renderer: 0.100
[1590328995.802][SEVERE]: Timed out receiving message from renderer: 0.100
[1590328995.904][SEVERE]: Timed out receiving message from renderer: 0.100
[1590328996.006][SEVERE]: Timed out receiving message from renderer: 0.100
[1590328996.109][SEVERE]: Timed out receiving message from renderer: 0.100
[1590328996.210][SEVERE]: Timed out receiving message from renderer: 0.100
[1590328996.313][SEVERE]: Timed out receiving message from renderer: 0.100
[1590328996.414][SEVERE]: Timed out receiving message from renderer: 0.100
[1590328996.556][SEVERE]: Timed out receiving message from renderer: 0.100
[1590328996.658][SEVERE]: Timed out receiving message from renderer: 0.100
[1590328996.760][SEVERE]: Timed out receiving message from renderer: 0.100
[1590328996.987][SEVERE]: Timed out receiving message from renderer: 0.100
[1590328997.090][SEVERE]: Timed out receiving message from renderer: 0.100
[1590328997.192][SEVERE]: Timed out receiving message from renderer: 0.100
[1590328997.294][SEVERE]: Timed out receiving message from renderer: 0.100
[1590328998.246][SEVERE]: Timed out receiving message from renderer: 0.100
[1590328998.697][SEVERE]: Timed out receiving message from renderer: 0.100
[1590328998.799][SEVERE]: Timed out receiving message from renderer: 0.100
[1590328998.901][SEVERE]: Timed out receiving message from renderer: 0.100
[1590328999.003][SEVERE]: Timed out receiving message from renderer: 0.100
[1590328999.946][SEVERE]: Timed out receiving message from renderer: 0.100
[1590329000.047][SEVERE]: Timed out receiving message from renderer: 0.100
[1590329000.149][SEVERE]: Timed out receiving message from renderer: 0.100
[1590329000.252][SEVERE]: Timed out receiving message from renderer: 0.100
[1590329000.354][SEVERE]: Timed out receiving message from renderer: 0.100
[1590329000.456][SEVERE]: Timed out receiving message from renderer: 0.100
[1590329000.559][SEVERE]: Timed out receiving message from renderer: 0.100
]]></system-err>
</testsuite>
