<?xml version="1.0" encoding="UTF-8"?>
<testsuite name="com.banking.testcases.CreateManagerCredentialTest" tests="1" skipped="0" failures="0" errors="0" timestamp="2020-05-24T12:01:48" hostname="sonalibankars-MacBook-Pro.local" time="0.007">
  <properties/>
  <testcase name="verifyTitleOfCreateManagerCredentialPage" classname="com.banking.testcases.CreateManagerCredentialTest" time="0.007"/>
  <system-out><![CDATA[]]></system-out>
  <system-err><![CDATA[Starting ChromeDriver 80.0.3987.106 (f68069574609230cf9b635cd784cfb1bf81bb53a-refs/branch-heads/3987@{#882}) on port 20917
Only local connections are allowed.
Please protect ports used by ChromeDriver and related test frameworks to prevent access by malicious code.
[1590321704.553][WARNING]: This version of ChromeDriver has not been tested with Chrome version 81.
May 24, 2020 5:31:44 PM org.openqa.selenium.remote.ProtocolHandshake createSession
INFO: Detected dialect: W3C
[1590321705.738][SEVERE]: Timed out receiving message from renderer: 0.100
[1590321705.839][SEVERE]: Timed out receiving message from renderer: 0.100
[1590321705.941][SEVERE]: Timed out receiving message from renderer: 0.100
[1590321706.044][SEVERE]: Timed out receiving message from renderer: 0.100
[1590321706.221][SEVERE]: Timed out receiving message from renderer: 0.100
[1590321706.322][SEVERE]: Timed out receiving message from renderer: 0.100
[1590321706.423][SEVERE]: Timed out receiving message from renderer: 0.100
[1590321706.524][SEVERE]: Timed out receiving message from renderer: 0.100
[1590321706.625][SEVERE]: Timed out receiving message from renderer: 0.100
[1590321706.726][SEVERE]: Timed out receiving message from renderer: 0.100
[1590321706.827][SEVERE]: Timed out receiving message from renderer: 0.100
[1590321706.929][SEVERE]: Timed out receiving message from renderer: 0.100
[1590321707.073][SEVERE]: Timed out receiving message from renderer: 0.100
[1590321707.174][SEVERE]: Timed out receiving message from renderer: 0.100
[1590321707.275][SEVERE]: Timed out receiving message from renderer: 0.100
[1590321707.377][SEVERE]: Timed out receiving message from renderer: 0.100
[1590321707.632][SEVERE]: Timed out receiving message from renderer: 0.100
[1590321707.733][SEVERE]: Timed out receiving message from renderer: 0.100
[1590321707.835][SEVERE]: Timed out receiving message from renderer: 0.100
[1590321707.937][SEVERE]: Timed out receiving message from renderer: 0.100
[1590321708.047][SEVERE]: Timed out receiving message from renderer: 0.100
[1590321708.148][SEVERE]: Timed out receiving message from renderer: 0.100
[1590321708.250][SEVERE]: Timed out receiving message from renderer: 0.100
[1590321708.352][SEVERE]: Timed out receiving message from renderer: 0.100
[1590321708.454][SEVERE]: Timed out receiving message from renderer: 0.100
[1590321708.555][SEVERE]: Timed out receiving message from renderer: 0.100
[1590321708.658][SEVERE]: Timed out receiving message from renderer: 0.100
[1590321708.760][SEVERE]: Timed out receiving message from renderer: 0.100
]]></system-err>
</testsuite>
