<?xml version="1.0" encoding="UTF-8"?>
<testsuite name="com.banking.testcases.LoginTest" tests="2" skipped="0" failures="0" errors="0" timestamp="2020-05-22T13:56:16" hostname="sonalibnkarsMBP" time="7.933">
  <properties/>
  <testcase name="login[0](mngr259514, UsetEbU)" classname="com.banking.testcases.LoginTest" time="2.597"/>
  <testcase name="login[1](jklkkngr259514, UsetEbU)" classname="com.banking.testcases.LoginTest" time="0.703"/>
  <system-out><![CDATA[]]></system-out>
  <system-err><![CDATA[Starting ChromeDriver 80.0.3987.106 (f68069574609230cf9b635cd784cfb1bf81bb53a-refs/branch-heads/3987@{#882}) on port 31807
Only local connections are allowed.
Please protect ports used by ChromeDriver and related test frameworks to prevent access by malicious code.
[1590155772.066][WARNING]: This version of ChromeDriver has not been tested with Chrome version 81.
May 22, 2020 7:26:12 PM org.openqa.selenium.remote.ProtocolHandshake createSession
INFO: Detected dialect: W3C
[1590155773.095][SEVERE]: Timed out receiving message from renderer: 0.100
[1590155773.197][SEVERE]: Timed out receiving message from renderer: 0.100
[1590155773.375][SEVERE]: Timed out receiving message from renderer: 0.100
[1590155773.478][SEVERE]: Timed out receiving message from renderer: 0.100
[1590155773.580][SEVERE]: Timed out receiving message from renderer: 0.100
[1590155773.682][SEVERE]: Timed out receiving message from renderer: 0.100
[1590155773.785][SEVERE]: Timed out receiving message from renderer: 0.100
[1590155773.886][SEVERE]: Timed out receiving message from renderer: 0.100
[1590155773.989][SEVERE]: Timed out receiving message from renderer: 0.100
[1590155774.128][SEVERE]: Timed out receiving message from renderer: 0.100
[1590155774.231][SEVERE]: Timed out receiving message from renderer: 0.100
[1590155774.422][SEVERE]: Timed out receiving message from renderer: 0.100
[1590155774.656][SEVERE]: Timed out receiving message from renderer: 0.100
[1590155774.800][SEVERE]: Timed out receiving message from renderer: 0.100
[1590155774.901][SEVERE]: Timed out receiving message from renderer: 0.100
[1590155775.002][SEVERE]: Timed out receiving message from renderer: 0.100
[1590155775.104][SEVERE]: Timed out receiving message from renderer: 0.100
[1590155775.206][SEVERE]: Timed out receiving message from renderer: 0.100
[1590155775.307][SEVERE]: Timed out receiving message from renderer: 0.100
[1590155775.409][SEVERE]: Timed out receiving message from renderer: 0.100
[1590155775.512][SEVERE]: Timed out receiving message from renderer: 0.100
[1590155775.709][SEVERE]: Timed out receiving message from renderer: 0.100
[1590155775.811][SEVERE]: Timed out receiving message from renderer: 0.100
[1590155775.912][SEVERE]: Timed out receiving message from renderer: 0.100
[1590155777.745][SEVERE]: Timed out receiving message from renderer: 0.100
[1590155777.846][SEVERE]: Timed out receiving message from renderer: 0.100
[1590155778.024][SEVERE]: Timed out receiving message from renderer: 0.100
[1590155778.127][SEVERE]: Timed out receiving message from renderer: 0.100
[1590155778.229][SEVERE]: Timed out receiving message from renderer: 0.100
[1590155778.331][SEVERE]: Timed out receiving message from renderer: 0.100
[1590155778.433][SEVERE]: Timed out receiving message from renderer: 0.100
[1590155778.535][SEVERE]: Timed out receiving message from renderer: 0.100
]]></system-err>
</testsuite>
