<?xml version="1.0" encoding="UTF-8"?>
<testsuite name="com.banking.testcases.CreateManagerCredentialTest" tests="1" skipped="0" failures="0" errors="0" timestamp="2020-05-23T12:41:38" hostname="sonalibnkarsMBP" time="0.347">
  <properties/>
  <testcase name="loginWithEmailIdTest" classname="com.banking.testcases.CreateManagerCredentialTest" time="0.347"/>
  <system-out><![CDATA[]]></system-out>
  <system-err><![CDATA[Starting ChromeDriver 80.0.3987.106 (f68069574609230cf9b635cd784cfb1bf81bb53a-refs/branch-heads/3987@{#882}) on port 41073
Only local connections are allowed.
Please protect ports used by ChromeDriver and related test frameworks to prevent access by malicious code.
[1590237688.550][WARNING]: This version of ChromeDriver has not been tested with Chrome version 81.
May 23, 2020 6:11:28 PM org.openqa.selenium.remote.ProtocolHandshake createSession
INFO: Detected dialect: W3C
[1590237690.869][SEVERE]: Timed out receiving message from renderer: 0.100
[1590237690.970][SEVERE]: Timed out receiving message from renderer: 0.100
[1590237691.072][SEVERE]: Timed out receiving message from renderer: 0.100
[1590237691.175][SEVERE]: Timed out receiving message from renderer: 0.100
[1590237691.278][SEVERE]: Timed out receiving message from renderer: 0.100
[1590237691.396][SEVERE]: Timed out receiving message from renderer: 0.100
[1590237691.498][SEVERE]: Timed out receiving message from renderer: 0.100
[1590237691.600][SEVERE]: Timed out receiving message from renderer: 0.100
[1590237691.702][SEVERE]: Timed out receiving message from renderer: 0.100
[1590237691.804][SEVERE]: Timed out receiving message from renderer: 0.100
[1590237691.907][SEVERE]: Timed out receiving message from renderer: 0.100
[1590237692.008][SEVERE]: Timed out receiving message from renderer: 0.100
[1590237692.109][SEVERE]: Timed out receiving message from renderer: 0.100
[1590237692.240][SEVERE]: Timed out receiving message from renderer: 0.100
[1590237692.341][SEVERE]: Timed out receiving message from renderer: 0.100
[1590237692.443][SEVERE]: Timed out receiving message from renderer: 0.100
[1590237692.544][SEVERE]: Timed out receiving message from renderer: 0.100
[1590237692.645][SEVERE]: Timed out receiving message from renderer: 0.100
[1590237692.746][SEVERE]: Timed out receiving message from renderer: 0.100
[1590237692.848][SEVERE]: Timed out receiving message from renderer: 0.100
[1590237692.950][SEVERE]: Timed out receiving message from renderer: 0.100
[1590237693.053][SEVERE]: Timed out receiving message from renderer: 0.100
[1590237693.155][SEVERE]: Timed out receiving message from renderer: 0.100
[1590237693.266][SEVERE]: Timed out receiving message from renderer: 0.100
[1590237693.368][SEVERE]: Timed out receiving message from renderer: 0.100
[1590237693.469][SEVERE]: Timed out receiving message from renderer: 0.100
[1590237693.571][SEVERE]: Timed out receiving message from renderer: 0.100
[1590237693.781][SEVERE]: Timed out receiving message from renderer: 0.100
[1590237693.883][SEVERE]: Timed out receiving message from renderer: 0.100
[1590237693.985][SEVERE]: Timed out receiving message from renderer: 0.100
[1590237694.086][SEVERE]: Timed out receiving message from renderer: 0.100
[1590237694.283][SEVERE]: Timed out receiving message from renderer: 0.100
[1590237694.386][SEVERE]: Timed out receiving message from renderer: 0.100
[1590237694.487][SEVERE]: Timed out receiving message from renderer: 0.100
[1590237694.589][SEVERE]: Timed out receiving message from renderer: 0.100
[1590237694.691][SEVERE]: Timed out receiving message from renderer: 0.100
[1590237694.793][SEVERE]: Timed out receiving message from renderer: 0.100
[1590237694.895][SEVERE]: Timed out receiving message from renderer: 0.100
[1590237695.109][SEVERE]: Timed out receiving message from renderer: 0.100
[1590237695.211][SEVERE]: Timed out receiving message from renderer: 0.100
[1590237695.313][SEVERE]: Timed out receiving message from renderer: 0.100
[1590237695.415][SEVERE]: Timed out receiving message from renderer: 0.100
[1590237695.518][SEVERE]: Timed out receiving message from renderer: 0.100
[1590237695.620][SEVERE]: Timed out receiving message from renderer: 0.100
[1590237695.721][SEVERE]: Timed out receiving message from renderer: 0.100
[1590237695.823][SEVERE]: Timed out receiving message from renderer: 0.100
[1590237695.925][SEVERE]: Timed out receiving message from renderer: 0.100
[1590237696.027][SEVERE]: Timed out receiving message from renderer: 0.100
[1590237696.129][SEVERE]: Timed out receiving message from renderer: 0.100
[1590237696.231][SEVERE]: Timed out receiving message from renderer: 0.100
[1590237696.334][SEVERE]: Timed out receiving message from renderer: 0.100
[1590237696.436][SEVERE]: Timed out receiving message from renderer: 0.100
[1590237696.538][SEVERE]: Timed out receiving message from renderer: 0.100
[1590237696.640][SEVERE]: Timed out receiving message from renderer: 0.100
[1590237696.741][SEVERE]: Timed out receiving message from renderer: 0.100
[1590237696.861][SEVERE]: Timed out receiving message from renderer: 0.100
[1590237696.964][SEVERE]: Timed out receiving message from renderer: 0.100
[1590237697.065][SEVERE]: Timed out receiving message from renderer: 0.100
[1590237697.166][SEVERE]: Timed out receiving message from renderer: 0.100
[1590237697.268][SEVERE]: Timed out receiving message from renderer: 0.100
[1590237697.369][SEVERE]: Timed out receiving message from renderer: 0.100
[1590237697.507][SEVERE]: Timed out receiving message from renderer: 0.100
[1590237697.703][SEVERE]: Timed out receiving message from renderer: 0.100
[1590237697.805][SEVERE]: Timed out receiving message from renderer: 0.100
[1590237697.906][SEVERE]: Timed out receiving message from renderer: 0.100
[1590237698.008][SEVERE]: Timed out receiving message from renderer: 0.100
[1590237698.109][SEVERE]: Timed out receiving message from renderer: 0.100
[1590237698.211][SEVERE]: Timed out receiving message from renderer: 0.100
[1590237698.377][SEVERE]: Timed out receiving message from renderer: 0.100
[1590237698.480][SEVERE]: Timed out receiving message from renderer: 0.100
]]></system-err>
</testsuite>
